#
# There is insufficient memory for the Java Runtime Environment to continue.
# Native memory allocation (mmap) failed to map 266338304 bytes for G1 virtual space
# Possible reasons:
#   The system is out of physical RAM or swap space
#   The process is running with CompressedOops enabled, and the Java Heap may be blocking the growth of the native heap
# Possible solutions:
#   Reduce memory load on the system
#   Increase physical memory or swap space
#   Check if swap backing store is full
#   Decrease Java heap size (-Xmx/-Xms)
#   Decrease number of Java threads
#   Decrease Java thread stack sizes (-Xss)
#   Set larger code cache with -XX:ReservedCodeCacheSize=
#   JVM is running with Zero Based Compressed Oops mode in which the Java heap is
#     placed in the first 32GB address space. The Java Heap base address is the
#     maximum limit for the native heap growth. Please use -XX:HeapBaseMinAddress
#     to set the Java Heap base and to place the Java Heap above 32GB virtual address.
# This output file may be truncated or incomplete.
#
#  Out of Memory Error (./open/src/hotspot/os/windows/os_windows.cpp:3472), pid=44544, tid=26340
#
# JRE version:  (15.0.1+9) (build )
# Java VM: Java HotSpot(TM) 64-Bit Server VM (15.0.1+9-18, mixed mode, sharing, tiered, compressed oops, g1 gc, windows-amd64)
# No core dump will be written. Minidumps are not enabled by default on client versions of Windows
#

---------------  S U M M A R Y ------------

Command Line: -Dfile.encoding=Cp1252 -XX:+ShowCodeDetailsInExceptionMessages MinNumberOfRefuelingStops871

Host: Intel(R) Core(TM) i5-8300H CPU @ 2.30GHz, 8 cores, 15G,  Windows 10 , 64 bit Build 19041 (10.0.19041.1023)
Time: Mon Jun 21 22:42:00 2021 India Standard Time elapsed time: 0.021191 seconds (0d 0h 0m 0s)

---------------  T H R E A D  ---------------

Current thread (0x00000167659ae090):  JavaThread "Unknown thread" [_thread_in_vm, id=26340, stack(0x0000002434300000,0x0000002434400000)]

Stack: [0x0000002434300000,0x0000002434400000]
Native frames: (J=compiled Java code, j=interpreted, Vv=VM code, C=native code)
V  [jvm.dll+0x62ae9a]
V  [jvm.dll+0x781389]
V  [jvm.dll+0x782ae3]
V  [jvm.dll+0x783143]
V  [jvm.dll+0x216265]
V  [jvm.dll+0x6281d9]
V  [jvm.dll+0x61cd15]
V  [jvm.dll+0x2d01fd]
V  [jvm.dll+0x2d0062]
V  [jvm.dll+0x2d603c]
V  [jvm.dll+0x325b2a]
V  [jvm.dll+0x3251f4]
V  [jvm.dll+0x2a717a]
V  [jvm.dll+0x2a8318]
V  [jvm.dll+0x75e101]
V  [jvm.dll+0x3343e4]
V  [jvm.dll+0x73e826]
V  [jvm.dll+0x3b7777]
V  [jvm.dll+0x3b9201]
C  [jli.dll+0x52fb]
C  [ucrtbase.dll+0x21bb2]
C  [KERNEL32.DLL+0x17034]
C  [ntdll.dll+0x52651]


---------------  P R O C E S S  ---------------

Threads class SMR info:
_java_thread_list=0x00007fff08804ff0, length=0, elements={
}

Java Threads: ( => current thread )

Other Threads:
  0x0000016765a00b40 GCTaskThread "GC Thread#0" [stack: 0x0000002434400000,0x0000002434500000] [id=32124]
  0x0000016765a13260 ConcurrentGCThread "G1 Main Marker" [stack: 0x0000002434500000,0x0000002434600000] [id=42392]
  0x0000016765a13de0 ConcurrentGCThread "G1 Conc#0" [stack: 0x0000002434600000,0x0000002434700000] [id=45036]

[error occurred during error reporting (printing all threads), id 0xc0000005, EXCEPTION_ACCESS_VIOLATION (0xc0000005) at pc=0x00007fff07ff8047]

VM state: not at safepoint (not fully initialized)

VM Mutex/Monitor currently owned by a thread:  ([mutex/lock_event])
[0x00000167659aa390] Heap_lock - owner thread: 0x00000167659ae090

Heap address: 0x0000000702600000, size: 4058 MB, Compressed Oops mode: Zero based, Oop shift amount: 3
CDS archive(s) mapped at: [0x0000000000000000-0x0000000000000000-0x0000000000000000), size 0, SharedBaseAddress: 0x0000000800000000, ArchiveRelocationMode: 0.
Narrow klass base: 0x0000000000000000, Narrow klass shift: 0, Narrow klass range: 0x0

Heap:
 garbage-first heap   total 260096K, used 0K [0x0000000702600000, 0x0000000800000000)
  region size 2048K, 0 young (0K), 0 survivors (0K)
 Metaspace       used 0K, capacity 0K, committed 0K, reserved 0K
  class space    used 0K, capacity 0K, committed 0K, reserved 0K

Heap Regions: E=young(eden), S=young(survivor), O=old, HS=humongous(starts), HC=humongous(continues), CS=collection set, F=free, OA=open archive, CA=closed archive, TAMS=top-at-mark-start (previous, next)

Card table byte_map: [0x000001677f630000,0x000001677fe20000] _byte_map_base: 0x000001677be1d000

Marking Bits (Prev, Next): (CMBitMap*) 0x0000016765a022d0, (CMBitMap*) 0x0000016765a02310
 Prev Bits: [0x00000167007f0000, 0x0000016704758000)
 Next Bits: [0x0000016704760000, 0x00000167086c8000)

GC Heap History (0 events):
No events

Deoptimization events (0 events):
No events

Classes unloaded (0 events):
No events

Classes redefined (0 events):
No events

Internal exceptions (0 events):
No events

Events (1 events):
Event: 0.012 Loaded shared library C:\Program Files\Java\jdk-15.0.1\bin\java.dll


Dynamic libraries:
0x00007ff759650000 - 0x00007ff75965f000 	C:\Program Files\Java\jdk-15.0.1\bin\javaw.exe
0x00007fff48fd0000 - 0x00007fff491c5000 	C:\WINDOWS\SYSTEM32\ntdll.dll
0x00007fff47ec0000 - 0x00007fff47f7d000 	C:\WINDOWS\System32\KERNEL32.DLL
0x00007fff469d0000 - 0x00007fff46c98000 	C:\WINDOWS\System32\KERNELBASE.dll
0x00007fff46d00000 - 0x00007fff46e00000 	C:\WINDOWS\System32\ucrtbase.dll
0x00007fff35bf0000 - 0x00007fff35c08000 	C:\Program Files\Java\jdk-15.0.1\bin\jli.dll
0x00007fff35f40000 - 0x00007fff35f59000 	C:\Program Files\Java\jdk-15.0.1\bin\VCRUNTIME140.dll
0x00007fff47c40000 - 0x00007fff47cec000 	C:\WINDOWS\System32\ADVAPI32.dll
0x00007fff47040000 - 0x00007fff470de000 	C:\WINDOWS\System32\msvcrt.dll
0x00007fff47e20000 - 0x00007fff47ebb000 	C:\WINDOWS\System32\sechost.dll
0x00007fff47cf0000 - 0x00007fff47e1b000 	C:\WINDOWS\System32\RPCRT4.dll
0x00007fff47650000 - 0x00007fff477f0000 	C:\WINDOWS\System32\USER32.dll
0x00007fff28730000 - 0x00007fff289ca000 	C:\WINDOWS\WinSxS\amd64_microsoft.windows.common-controls_6595b64144ccf1df_6.0.19041.1052_none_60b8f8fd71f5e8cb\COMCTL32.dll
0x00007fff46ca0000 - 0x00007fff46cc2000 	C:\WINDOWS\System32\win32u.dll
0x00007fff47f80000 - 0x00007fff47faa000 	C:\WINDOWS\System32\GDI32.dll
0x00007fff46f30000 - 0x00007fff4703b000 	C:\WINDOWS\System32\gdi32full.dll
0x00007fff3ea60000 - 0x00007fff3ea6a000 	C:\WINDOWS\SYSTEM32\VERSION.dll
0x00007fff46e00000 - 0x00007fff46e9d000 	C:\WINDOWS\System32\msvcp_win.dll
0x00007fff47210000 - 0x00007fff47240000 	C:\WINDOWS\System32\IMM32.DLL
0x00007fff42290000 - 0x00007fff4229c000 	C:\Program Files\Java\jdk-15.0.1\bin\vcruntime140_1.dll
0x00007fff1bd00000 - 0x00007fff1bd91000 	C:\Program Files\Java\jdk-15.0.1\bin\msvcp140.dll
0x00007fff07d40000 - 0x00007fff0889e000 	C:\Program Files\Java\jdk-15.0.1\bin\server\jvm.dll
0x00007fff47540000 - 0x00007fff47548000 	C:\WINDOWS\System32\PSAPI.DLL
0x00007fff2a630000 - 0x00007fff2a639000 	C:\WINDOWS\SYSTEM32\WSOCK32.dll
0x00007fff36450000 - 0x00007fff36477000 	C:\WINDOWS\SYSTEM32\WINMM.dll
0x00007fff475e0000 - 0x00007fff4764b000 	C:\WINDOWS\System32\WS2_32.dll
0x00007fff44660000 - 0x00007fff44672000 	C:\WINDOWS\SYSTEM32\kernel.appcore.dll
0x00007fff42210000 - 0x00007fff4221a000 	C:\Program Files\Java\jdk-15.0.1\bin\jimage.dll
0x00007fff33250000 - 0x00007fff33434000 	C:\WINDOWS\SYSTEM32\DBGHELP.DLL
0x00007fff33500000 - 0x00007fff3352c000 	C:\WINDOWS\SYSTEM32\dbgcore.DLL
0x00007fff46ea0000 - 0x00007fff46f23000 	C:\WINDOWS\System32\bcryptPrimitives.dll
0x00007fff23e50000 - 0x00007fff23e75000 	C:\Program Files\Java\jdk-15.0.1\bin\java.dll

dbghelp: loaded successfully - version: 4.0.5 - missing functions: none
symbol engine: initialized successfully - sym options: 0x614 - pdb path: .;C:\Program Files\Java\jdk-15.0.1\bin;C:\WINDOWS\SYSTEM32;C:\WINDOWS\WinSxS\amd64_microsoft.windows.common-controls_6595b64144ccf1df_6.0.19041.1052_none_60b8f8fd71f5e8cb;C:\Program Files\Java\jdk-15.0.1\bin\server

VM Arguments:
jvm_args: -Dfile.encoding=Cp1252 -XX:+ShowCodeDetailsInExceptionMessages 
java_command: MinNumberOfRefuelingStops871
java_class_path (initial): C:\Users\Acer\eclipse-workspace\DSA(PEP CODING)\bin
Launcher Type: SUN_STANDARD

[Global flags]
     intx CICompilerCount                          = 4                                         {product} {ergonomic}
     uint ConcGCThreads                            = 2                                         {product} {ergonomic}
     uint G1ConcRefinementThreads                  = 8                                         {product} {ergonomic}
   size_t G1HeapRegionSize                         = 2097152                                   {product} {ergonomic}
    uintx GCDrainStackTargetSize                   = 64                                        {product} {ergonomic}
   size_t InitialHeapSize                          = 266338304                                 {product} {ergonomic}
   size_t MarkStackSize                            = 4194304                                   {product} {ergonomic}
   size_t MaxHeapSize                              = 4255121408                                {product} {ergonomic}
   size_t MinHeapDeltaBytes                        = 2097152                                   {product} {ergonomic}
   size_t MinHeapSize                              = 8388608                                   {product} {ergonomic}
    uintx NonNMethodCodeHeapSize                   = 5839372                                {pd product} {ergonomic}
    uintx NonProfiledCodeHeapSize                  = 122909434                              {pd product} {ergonomic}
    uintx ProfiledCodeHeapSize                     = 122909434                              {pd product} {ergonomic}
    uintx ReservedCodeCacheSize                    = 251658240                              {pd product} {ergonomic}
     bool SegmentedCodeCache                       = true                                      {product} {ergonomic}
     bool ShowCodeDetailsInExceptionMessages       = true                                   {manageable} {command line}
   size_t SoftMaxHeapSize                          = 4255121408                             {manageable} {ergonomic}
     bool UseCompressedClassPointers               = true                                 {lp64_product} {ergonomic}
     bool UseCompressedOops                        = true                                 {lp64_product} {ergonomic}
     bool UseG1GC                                  = true                                      {product} {ergonomic}
     bool UseLargePagesIndividualAllocation        = false                                  {pd product} {ergonomic}

Logging:
Log output configuration:
 #0: stdout all=warning uptime,level,tags
 #1: stderr all=off uptime,level,tags

Environment Variables:
PATH=C:\Python39\Scripts\;C:\Python39\;C:\Program Files\Common Files\Oracle\Java\javapath;C:\Program Files (x86)\Intel\Intel(R) Management Engine Components\iCLS\;C:\Program Files\Intel\Intel(R) Management Engine Components\iCLS\;C:\Windows\system32;C:\Windows;C:\Windows\System32\Wbem;C:\Windows\System32\WindowsPowerShell\v1.0\;C:\Program Files (x86)\NVIDIA Corporation\PhysX\Common;C:\Program Files (x86)\Intel\Intel(R) Management Engine Components\DAL;C:\Program Files\Intel\Intel(R) Management Engine Components\DAL;C:\Program Files (x86)\Intel\Intel(R) Management Engine Components\IPT;C:\Program Files\Intel\Intel(R) Management Engine Components\IPT;C:\WINDOWS\system32;C:\WINDOWS;C:\WINDOWS\System32\Wbem;C:\WINDOWS\System32\WindowsPowerShell\v1.0\;C:\WINDOWS\System32\OpenSSH\;C:\Program Files\Intel\WiFi\bin\;C:\Program Files\Common Files\Intel\WirelessCommon\;C:\Program Files\NVIDIA Corporation\NVIDIA NvDLISR;C:\WINDOWS\system32;C:\WINDOWS;C:\WINDOWS\System32\Wbem;C:\WINDOWS\System32\WindowsPowerShell\v1.0\;C:\WINDOWS\System32\OpenSSH\;C:\Program Files\Git\cmd;C:\ProgramData\chocolatey\bin;C:\Program Files\nodejs\;C:\Program Files\Java\jdk-15.0.1\bin;C:\Users\Acer\AppData\Local\atom\bin;C:\Users\Acer\AppData\Local\Microsoft\WindowsApps;E:\Flutter sdk\flutter\bin;C:\Users\Acer\AppData\Local\Programs\Microsoft VS Code\bin;C:\Users\Acer\AppData\Roaming\npm;C:\Program Files\heroku\bin
USERNAME=Acer
OS=Windows_NT
PROCESSOR_IDENTIFIER=Intel64 Family 6 Model 158 Stepping 10, GenuineIntel



---------------  S Y S T E M  ---------------

OS:
 Windows 10 , 64 bit Build 19041 (10.0.19041.1023)
OS uptime: 5 days 23:15 hours

CPU: total 8 (initial active 8) (4 cores per cpu, 2 threads per core) family 6 model 158 stepping 10 microcode 0xde, cmov, cx8, fxsr, mmx, sse, sse2, sse3, ssse3, sse4.1, sse4.2, popcnt, vzeroupper, avx, avx2, aes, clmul, erms, 3dnowpref, lzcnt, ht, tsc, tscinvbit, bmi1, bmi2, adx, fma, clflush, clflushopt

Memory: 4k page, system-wide physical 16226M (2291M free)
TotalPageFile size 31416M (AvailPageFile size 221M)
current process WorkingSet (physical memory assigned to process): 10M, peak: 10M
current process commit charge ("private bytes"): 60M, peak: 314M

vm_info: Java HotSpot(TM) 64-Bit Server VM (15.0.1+9-18) for windows-amd64 JRE (15.0.1+9-18), built on Sep 15 2020 14:43:54 by "mach5one" with unknown MS VC++:1925

END.
