#
# There is insufficient memory for the Java Runtime Environment to continue.
# Native memory allocation (mmap) failed to map 266338304 bytes for G1 virtual space
# Possible reasons:
#   The system is out of physical RAM or swap space
#   The process is running with CompressedOops enabled, and the Java Heap may be blocking the growth of the native heap
# Possible solutions:
#   Reduce memory load on the system
#   Increase physical memory or swap space
#   Check if swap backing store is full
#   Decrease Java heap size (-Xmx/-Xms)
#   Decrease number of Java threads
#   Decrease Java thread stack sizes (-Xss)
#   Set larger code cache with -XX:ReservedCodeCacheSize=
#   JVM is running with Zero Based Compressed Oops mode in which the Java heap is
#     placed in the first 32GB address space. The Java Heap base address is the
#     maximum limit for the native heap growth. Please use -XX:HeapBaseMinAddress
#     to set the Java Heap base and to place the Java Heap above 32GB virtual address.
# This output file may be truncated or incomplete.
#
#  Out of Memory Error (./open/src/hotspot/os/windows/os_windows.cpp:3472), pid=9368, tid=36076
#
# JRE version:  (15.0.1+9) (build )
# Java VM: Java HotSpot(TM) 64-Bit Server VM (15.0.1+9-18, mixed mode, sharing, tiered, compressed oops, g1 gc, windows-amd64)
# No core dump will be written. Minidumps are not enabled by default on client versions of Windows
#

---------------  S U M M A R Y ------------

Command Line: -Dfile.encoding=Cp1252 -XX:+ShowCodeDetailsInExceptionMessages Backtracking.NQueens

Host: Intel(R) Core(TM) i5-8300H CPU @ 2.30GHz, 8 cores, 15G,  Windows 10 , 64 bit Build 19041 (10.0.19041.1023)
Time: Fri Aug 13 10:26:54 2021 India Standard Time elapsed time: 0.015580 seconds (0d 0h 0m 0s)

---------------  T H R E A D  ---------------

Current thread (0x000001537866f4c0):  JavaThread "Unknown thread" [_thread_in_vm, id=36076, stack(0x00000020b5500000,0x00000020b5600000)]

Stack: [0x00000020b5500000,0x00000020b5600000]
Native frames: (J=compiled Java code, j=interpreted, Vv=VM code, C=native code)
V  [jvm.dll+0x62ae9a]
V  [jvm.dll+0x781389]
V  [jvm.dll+0x782ae3]
V  [jvm.dll+0x783143]
V  [jvm.dll+0x216265]
V  [jvm.dll+0x6281d9]
V  [jvm.dll+0x61cd15]
V  [jvm.dll+0x2d01fd]
V  [jvm.dll+0x2d0062]
V  [jvm.dll+0x2d603c]
V  [jvm.dll+0x325b2a]
V  [jvm.dll+0x3251f4]
V  [jvm.dll+0x2a717a]
V  [jvm.dll+0x2a8318]
V  [jvm.dll+0x75e101]
V  [jvm.dll+0x3343e4]
V  [jvm.dll+0x73e826]
V  [jvm.dll+0x3b7777]
V  [jvm.dll+0x3b9201]
C  [jli.dll+0x52fb]
C  [ucrtbase.dll+0x21bb2]
C  [KERNEL32.DLL+0x17034]
C  [ntdll.dll+0x52651]


---------------  P R O C E S S  ---------------

Threads class SMR info:
_java_thread_list=0x00007ffd1c2f4ff0, length=0, elements={
}

Java Threads: ( => current thread )

Other Threads:
  0x00000153786bfed0 GCTaskThread "GC Thread#0" [stack: 0x00000020b5600000,0x00000020b5700000] [id=58428]
  0x00000153786d25f0 ConcurrentGCThread "G1 Main Marker" [stack: 0x00000020b5700000,0x00000020b5800000] [id=36400]
  0x00000153786d4100 ConcurrentGCThread "G1 Conc#0" [stack: 0x00000020b5800000,0x00000020b5900000] [id=45452]

[error occurred during error reporting (printing all threads), id 0xc0000005, EXCEPTION_ACCESS_VIOLATION (0xc0000005) at pc=0x00007ffd1bae8047]

VM state: not at safepoint (not fully initialized)

VM Mutex/Monitor currently owned by a thread:  ([mutex/lock_event])
[0x000001537866c220] Heap_lock - owner thread: 0x000001537866f4c0

Heap address: 0x0000000702600000, size: 4058 MB, Compressed Oops mode: Zero based, Oop shift amount: 3
CDS archive(s) mapped at: [0x0000000000000000-0x0000000000000000-0x0000000000000000), size 0, SharedBaseAddress: 0x0000000800000000, ArchiveRelocationMode: 0.
Narrow klass base: 0x0000000000000000, Narrow klass shift: 0, Narrow klass range: 0x0

Heap:
 garbage-first heap   total 260096K, used 0K [0x0000000702600000, 0x0000000800000000)
  region size 2048K, 0 young (0K), 0 survivors (0K)
 Metaspace       used 0K, capacity 0K, committed 0K, reserved 0K
  class space    used 0K, capacity 0K, committed 0K, reserved 0K

Heap Regions: E=young(eden), S=young(survivor), O=old, HS=humongous(starts), HC=humongous(continues), CS=collection set, F=free, OA=open archive, CA=closed archive, TAMS=top-at-mark-start (previous, next)

Card table byte_map: [0x0000015379270000,0x0000015379a60000] _byte_map_base: 0x0000015375a5d000

Marking Bits (Prev, Next): (CMBitMap*) 0x00000153786c1660, (CMBitMap*) 0x00000153786c16a0
 Prev Bits: [0x000001537a250000, 0x000001537e1b8000)
 Next Bits: [0x0000015317160000, 0x000001531b0c8000)

GC Heap History (0 events):
No events

Deoptimization events (0 events):
No events

Classes unloaded (0 events):
No events

Classes redefined (0 events):
No events

Internal exceptions (0 events):
No events

Events (1 events):
Event: 0.009 Loaded shared library C:\Program Files\Java\jdk-15.0.1\bin\java.dll


Dynamic libraries:
0x00007ff70aa80000 - 0x00007ff70aa8f000 	C:\Program Files\Java\jdk-15.0.1\bin\javaw.exe
0x00007ffd714f0000 - 0x00007ffd716e5000 	C:\WINDOWS\SYSTEM32\ntdll.dll
0x00007ffd70510000 - 0x00007ffd705cd000 	C:\WINDOWS\System32\KERNEL32.DLL
0x00007ffd6ed60000 - 0x00007ffd6f029000 	C:\WINDOWS\System32\KERNELBASE.dll
0x00007ffd6ec60000 - 0x00007ffd6ed60000 	C:\WINDOWS\System32\ucrtbase.dll
0x00007ffd68450000 - 0x00007ffd68469000 	C:\Program Files\Java\jdk-15.0.1\bin\VCRUNTIME140.dll
0x00007ffd69b20000 - 0x00007ffd69b38000 	C:\Program Files\Java\jdk-15.0.1\bin\jli.dll
0x00007ffd70640000 - 0x00007ffd706ec000 	C:\WINDOWS\System32\ADVAPI32.dll
0x00007ffd711a0000 - 0x00007ffd7123e000 	C:\WINDOWS\System32\msvcrt.dll
0x00007ffd70b60000 - 0x00007ffd70bfb000 	C:\WINDOWS\System32\sechost.dll
0x00007ffd712d0000 - 0x00007ffd713fa000 	C:\WINDOWS\System32\RPCRT4.dll
0x00007ffd6f560000 - 0x00007ffd6f700000 	C:\WINDOWS\System32\USER32.dll
0x00007ffd5b540000 - 0x00007ffd5b7da000 	C:\WINDOWS\WinSxS\amd64_microsoft.windows.common-controls_6595b64144ccf1df_6.0.19041.1110_none_60b5254171f9507e\COMCTL32.dll
0x00007ffd6f480000 - 0x00007ffd6f4a2000 	C:\WINDOWS\System32\win32u.dll
0x00007ffd71110000 - 0x00007ffd7113a000 	C:\WINDOWS\System32\GDI32.dll
0x00007ffd6f2e0000 - 0x00007ffd6f3eb000 	C:\WINDOWS\System32\gdi32full.dll
0x00007ffd66520000 - 0x00007ffd6652a000 	C:\WINDOWS\SYSTEM32\VERSION.dll
0x00007ffd6f030000 - 0x00007ffd6f0cd000 	C:\WINDOWS\System32\msvcp_win.dll
0x00007ffd6fd10000 - 0x00007ffd6fd40000 	C:\WINDOWS\System32\IMM32.DLL
0x00007ffd6a750000 - 0x00007ffd6a75c000 	C:\Program Files\Java\jdk-15.0.1\bin\vcruntime140_1.dll
0x00007ffd4dfc0000 - 0x00007ffd4e051000 	C:\Program Files\Java\jdk-15.0.1\bin\msvcp140.dll
0x00007ffd1b830000 - 0x00007ffd1c38e000 	C:\Program Files\Java\jdk-15.0.1\bin\server\jvm.dll
0x00007ffd71100000 - 0x00007ffd71108000 	C:\WINDOWS\System32\PSAPI.DLL
0x00007ffd56cc0000 - 0x00007ffd56cc9000 	C:\WINDOWS\SYSTEM32\WSOCK32.dll
0x00007ffd5b990000 - 0x00007ffd5b9b7000 	C:\WINDOWS\SYSTEM32\WINMM.dll
0x00007ffd70c00000 - 0x00007ffd70c6b000 	C:\WINDOWS\System32\WS2_32.dll
0x00007ffd6cb60000 - 0x00007ffd6cb72000 	C:\WINDOWS\SYSTEM32\kernel.appcore.dll
0x00007ffd6a3b0000 - 0x00007ffd6a3ba000 	C:\Program Files\Java\jdk-15.0.1\bin\jimage.dll
0x00007ffd55890000 - 0x00007ffd55a74000 	C:\WINDOWS\SYSTEM32\DBGHELP.DLL
0x00007ffd561b0000 - 0x00007ffd561dc000 	C:\WINDOWS\SYSTEM32\dbgcore.DLL
0x00007ffd6f3f0000 - 0x00007ffd6f473000 	C:\WINDOWS\System32\bcryptPrimitives.dll
0x00007ffd530b0000 - 0x00007ffd530d5000 	C:\Program Files\Java\jdk-15.0.1\bin\java.dll

dbghelp: loaded successfully - version: 4.0.5 - missing functions: none
symbol engine: initialized successfully - sym options: 0x614 - pdb path: .;C:\Program Files\Java\jdk-15.0.1\bin;C:\WINDOWS\SYSTEM32;C:\WINDOWS\WinSxS\amd64_microsoft.windows.common-controls_6595b64144ccf1df_6.0.19041.1110_none_60b5254171f9507e;C:\Program Files\Java\jdk-15.0.1\bin\server

VM Arguments:
jvm_args: -Dfile.encoding=Cp1252 -XX:+ShowCodeDetailsInExceptionMessages 
java_command: Backtracking.NQueens
java_class_path (initial): C:\Users\Acer\eclipse-workspace\FamousQuestionsDSA\bin
Launcher Type: SUN_STANDARD

[Global flags]
     intx CICompilerCount                          = 4                                         {product} {ergonomic}
     uint ConcGCThreads                            = 2                                         {product} {ergonomic}
     uint G1ConcRefinementThreads                  = 8                                         {product} {ergonomic}
   size_t G1HeapRegionSize                         = 2097152                                   {product} {ergonomic}
    uintx GCDrainStackTargetSize                   = 64                                        {product} {ergonomic}
   size_t InitialHeapSize                          = 266338304                                 {product} {ergonomic}
   size_t MarkStackSize                            = 4194304                                   {product} {ergonomic}
   size_t MaxHeapSize                              = 4255121408                                {product} {ergonomic}
   size_t MinHeapDeltaBytes                        = 2097152                                   {product} {ergonomic}
   size_t MinHeapSize                              = 8388608                                   {product} {ergonomic}
    uintx NonNMethodCodeHeapSize                   = 5839372                                {pd product} {ergonomic}
    uintx NonProfiledCodeHeapSize                  = 122909434                              {pd product} {ergonomic}
    uintx ProfiledCodeHeapSize                     = 122909434                              {pd product} {ergonomic}
    uintx ReservedCodeCacheSize                    = 251658240                              {pd product} {ergonomic}
     bool SegmentedCodeCache                       = true                                      {product} {ergonomic}
     bool ShowCodeDetailsInExceptionMessages       = true                                   {manageable} {command line}
   size_t SoftMaxHeapSize                          = 4255121408                             {manageable} {ergonomic}
     bool UseCompressedClassPointers               = true                                 {lp64_product} {ergonomic}
     bool UseCompressedOops                        = true                                 {lp64_product} {ergonomic}
     bool UseG1GC                                  = true                                      {product} {ergonomic}
     bool UseLargePagesIndividualAllocation        = false                                  {pd product} {ergonomic}

Logging:
Log output configuration:
 #0: stdout all=warning uptime,level,tags
 #1: stderr all=off uptime,level,tags

Environment Variables:
PATH=C:\Program Files (x86)\Common Files\Oracle\Java\javapath;C:\Python39\Scripts\;C:\Python39\;C:\Program Files\Common Files\Oracle\Java\javapath;C:\Program Files (x86)\Intel\Intel(R) Management Engine Components\iCLS\;C:\Program Files\Intel\Intel(R) Management Engine Components\iCLS\;C:\Windows\system32;C:\Windows;C:\Windows\System32\Wbem;C:\Windows\System32\WindowsPowerShell\v1.0\;C:\Program Files (x86)\NVIDIA Corporation\PhysX\Common;C:\Program Files (x86)\Intel\Intel(R) Management Engine Components\DAL;C:\Program Files\Intel\Intel(R) Management Engine Components\DAL;C:\Program Files (x86)\Intel\Intel(R) Management Engine Components\IPT;C:\Program Files\Intel\Intel(R) Management Engine Components\IPT;C:\WINDOWS\system32;C:\WINDOWS;C:\WINDOWS\System32\Wbem;C:\WINDOWS\System32\WindowsPowerShell\v1.0\;C:\WINDOWS\System32\OpenSSH\;C:\Program Files\Intel\WiFi\bin\;C:\Program Files\Common Files\Intel\WirelessCommon\;C:\Program Files\NVIDIA Corporation\NVIDIA NvDLISR;C:\WINDOWS\system32;C:\WINDOWS;C:\WINDOWS\System32\Wbem;C:\WINDOWS\System32\WindowsPowerShell\v1.0\;C:\WINDOWS\System32\OpenSSH\;C:\Program Files\Git\cmd;C:\ProgramData\chocolatey\bin;C:\Program Files\nodejs\;C:\Program Files\dotnet\;C:\Program Files\Java\jdk-15.0.1\bin;C:\Users\Acer\AppData\Local\atom\bin;C:\Users\Acer\AppData\Local\Microsoft\WindowsApps;E:\Flutter sdk\flutter\bin;C:\Users\Acer\AppData\Local\Programs\Microsoft VS Code\bin;C:\Users\Acer\AppData\Roaming\npm;C:\Program Files\heroku\bin
USERNAME=Acer
OS=Windows_NT
PROCESSOR_IDENTIFIER=Intel64 Family 6 Model 158 Stepping 10, GenuineIntel



---------------  S Y S T E M  ---------------

OS:
 Windows 10 , 64 bit Build 19041 (10.0.19041.1023)
OS uptime: 17 days 17:23 hours

CPU: total 8 (initial active 8) (4 cores per cpu, 2 threads per core) family 6 model 158 stepping 10 microcode 0xde, cmov, cx8, fxsr, mmx, sse, sse2, sse3, ssse3, sse4.1, sse4.2, popcnt, vzeroupper, avx, avx2, aes, clmul, erms, 3dnowpref, lzcnt, ht, tsc, tscinvbit, bmi1, bmi2, adx, fma, clflush, clflushopt

Memory: 4k page, system-wide physical 16226M (3020M free)
TotalPageFile size 31416M (AvailPageFile size 26M)
current process WorkingSet (physical memory assigned to process): 10M, peak: 10M
current process commit charge ("private bytes"): 60M, peak: 314M

vm_info: Java HotSpot(TM) 64-Bit Server VM (15.0.1+9-18) for windows-amd64 JRE (15.0.1+9-18), built on Sep 15 2020 14:43:54 by "mach5one" with unknown MS VC++:1925

END.
